<?xml version="1.0" encoding="UTF-8"?>
<!-- Generated by org.testng.reporters.JUnitXMLReporter -->
<testsuite hostname="ASUS-PC" ignored="40" name="Default test" tests="1" failures="0" timestamp="10 Dec 2019 09:39:27 GMT" time="25.751" errors="0">
  <testcase name="checkLabelFunctionality_DepartSection_ofReservation2Page_ID62" time="14.513" classname="com.uiFrameworkVersion1.companyName.mercury_tours.testScripts.TestScriptSet1"/>
  <testcase name="checkRegisterLinkNavigation_ID30" time="0.0" classname="com.uiFrameworkVersion1.companyName.mercury_tours.testScripts.TestScriptSet1">
    <ignored/>
  </testcase> <!-- checkRegisterLinkNavigation_ID30 -->
  <testcase name="checkDropDownListFunctionality_FlightDetailsSection_OnDayList_ofReservationPage_ID52" time="0.0" classname="com.uiFrameworkVersion1.companyName.mercury_tours.testScripts.TestScriptSet1">
    <ignored/>
  </testcase> <!-- checkDropDownListFunctionality_FlightDetailsSection_OnDayList_ofReservationPage_ID52 -->
  <testcase name="checkDestinationsLinkNavigation_ID27" time="0.0" classname="com.uiFrameworkVersion1.companyName.mercury_tours.testScripts.TestScriptSet1">
    <ignored/>
  </testcase> <!-- checkDestinationsLinkNavigation_ID27 -->
  <testcase name="checkFlightsLinkNavigation_ID23" time="0.0" classname="com.uiFrameworkVersion1.companyName.mercury_tours.testScripts.TestScriptSet1">
    <ignored/>
  </testcase> <!-- checkFlightsLinkNavigation_ID23 -->
  <testcase name="checkDate_ofIndexPage_ID44" time="0.0" classname="com.uiFrameworkVersion1.companyName.mercury_tours.testScripts.TestScriptSet1">
    <ignored/>
  </testcase> <!-- checkDate_ofIndexPage_ID44 -->
  <testcase name="check_RegisterHere_LinkNavigation_ofIndexPage_ID43" time="0.0" classname="com.uiFrameworkVersion1.companyName.mercury_tours.testScripts.TestScriptSet1">
    <ignored/>
  </testcase> <!-- check_RegisterHere_LinkNavigation_ofIndexPage_ID43 -->
  <testcase name="checkContactLinkNavigation_ID32" time="0.0" classname="com.uiFrameworkVersion1.companyName.mercury_tours.testScripts.TestScriptSet1">
    <ignored/>
  </testcase> <!-- checkContactLinkNavigation_ID32 -->
  <testcase name="checkDropDownListFunctionality_PreferencesSection_AirlineList_ofReservationPage_ID56" time="0.0" classname="com.uiFrameworkVersion1.companyName.mercury_tours.testScripts.TestScriptSet1">
    <ignored/>
  </testcase> <!-- checkDropDownListFunctionality_PreferencesSection_AirlineList_ofReservationPage_ID56 -->
  <testcase name="checkSignOnLinkNavigation_ID29" time="0.0" classname="com.uiFrameworkVersion1.companyName.mercury_tours.testScripts.TestScriptSet1">
    <ignored/>
  </testcase> <!-- checkSignOnLinkNavigation_ID29 -->
  <testcase name="checkProfileLinkNavigation_ofReservationPage_ID59" time="0.0" classname="com.uiFrameworkVersion1.companyName.mercury_tours.testScripts.TestScriptSet1">
    <ignored/>
  </testcase> <!-- checkProfileLinkNavigation_ofReservationPage_ID59 -->
  <testcase name="checkCarRentalsLinkNavigation_ID25" time="0.0" classname="com.uiFrameworkVersion1.companyName.mercury_tours.testScripts.TestScriptSet1">
    <ignored/>
  </testcase> <!-- checkCarRentalsLinkNavigation_ID25 -->
  <testcase name="check_FeaturedVactionsDestination_LinkNavigation_ofWelcomePage_ID38" time="0.0" classname="com.uiFrameworkVersion1.companyName.mercury_tours.testScripts.TestScriptSet1">
    <ignored/>
  </testcase> <!-- check_FeaturedVactionsDestination_LinkNavigation_ofWelcomePage_ID38 -->
  <testcase name="checkDropDownListFunctionality_FlightDetailsSection_DepartingfromList_ofReservationPage_ID50" time="0.0" classname="com.uiFrameworkVersion1.companyName.mercury_tours.testScripts.TestScriptSet1">
    <ignored/>
  </testcase> <!-- checkDropDownListFunctionality_FlightDetailsSection_DepartingfromList_ofReservationPage_ID50 -->
  <testcase name="check_yourDestination_LinkNavigation_ofIndexPage_ID41" time="0.0" classname="com.uiFrameworkVersion1.companyName.mercury_tours.testScripts.TestScriptSet1">
    <ignored/>
  </testcase> <!-- check_yourDestination_LinkNavigation_ofIndexPage_ID41 -->
  <testcase name="checkItineraryLinkNavigation_ofReservationPage_ID58" time="0.0" classname="com.uiFrameworkVersion1.companyName.mercury_tours.testScripts.TestScriptSet1">
    <ignored/>
  </testcase> <!-- checkItineraryLinkNavigation_ofReservationPage_ID58 -->
  <testcase name="checkDropDownListFunctionality_FlightDetailsSection_PassengersList_ofReservationPage_ID49" time="0.0" classname="com.uiFrameworkVersion1.companyName.mercury_tours.testScripts.TestScriptSet1">
    <ignored/>
  </testcase> <!-- checkDropDownListFunctionality_FlightDetailsSection_PassengersList_ofReservationPage_ID49 -->
  <testcase name="checkDropDownListFunctionality_FlightDetailsSection_ReturningMonthList_ofReservationPage_ID54" time="0.0" classname="com.uiFrameworkVersion1.companyName.mercury_tours.testScripts.TestScriptSet1">
    <ignored/>
  </testcase> <!-- checkDropDownListFunctionality_FlightDetailsSection_ReturningMonthList_ofReservationPage_ID54 -->
  <testcase name="checkDropDownListFunctionality_FlightDetailsSection_ArrivingInList_ofReservationPage_ID53" time="0.0" classname="com.uiFrameworkVersion1.companyName.mercury_tours.testScripts.TestScriptSet1">
    <ignored/>
  </testcase> <!-- checkDropDownListFunctionality_FlightDetailsSection_ArrivingInList_ofReservationPage_ID53 -->
  <testcase name="checkSupportLinkNavigation_ID31" time="0.0" classname="com.uiFrameworkVersion1.companyName.mercury_tours.testScripts.TestScriptSet1">
    <ignored/>
  </testcase> <!-- checkSupportLinkNavigation_ID31 -->
  <testcase name="check_yourDestination_LinkNavigation_ofHomePage_ID33" time="0.0" classname="com.uiFrameworkVersion1.companyName.mercury_tours.testScripts.TestScriptSet1">
    <ignored/>
  </testcase> <!-- check_yourDestination_LinkNavigation_ofHomePage_ID33 -->
  <testcase name="checkHomeLinkNavigation_ID22" time="0.0" classname="com.uiFrameworkVersion1.companyName.mercury_tours.testScripts.TestScriptSet1">
    <ignored/>
  </testcase> <!-- checkHomeLinkNavigation_ID22 -->
  <testcase name="checkRadioButtonFunctionality_DepartSection_ofReservation2Page_ID61" time="0.0" classname="com.uiFrameworkVersion1.companyName.mercury_tours.testScripts.TestScriptSet1">
    <ignored/>
  </testcase> <!-- checkRadioButtonFunctionality_DepartSection_ofReservation2Page_ID61 -->
  <testcase name="check_RegisterHere_LinkNavigation_ofWelcomePage_ID39" time="0.0" classname="com.uiFrameworkVersion1.companyName.mercury_tours.testScripts.TestScriptSet1">
    <ignored/>
  </testcase> <!-- check_RegisterHere_LinkNavigation_ofWelcomePage_ID39 -->
  <testcase name="checkContinueButtonFunctionality_ofReservationPage_ID57" time="0.0" classname="com.uiFrameworkVersion1.companyName.mercury_tours.testScripts.TestScriptSet1">
    <ignored/>
  </testcase> <!-- checkContinueButtonFunctionality_ofReservationPage_ID57 -->
  <testcase name="checkDate_ofHomePage_ID36" time="0.0" classname="com.uiFrameworkVersion1.companyName.mercury_tours.testScripts.TestScriptSet1">
    <ignored/>
  </testcase> <!-- checkDate_ofHomePage_ID36 -->
  <testcase name="check_FeaturedVactionsDestination_LinkNavigation_ofHomePage_ID34" time="0.0" classname="com.uiFrameworkVersion1.companyName.mercury_tours.testScripts.TestScriptSet1">
    <ignored/>
  </testcase> <!-- check_FeaturedVactionsDestination_LinkNavigation_ofHomePage_ID34 -->
  <testcase name="checkRegistrationFormLink_ofSignOnPage_ID46" time="0.0" classname="com.uiFrameworkVersion1.companyName.mercury_tours.testScripts.TestScriptSet1">
    <ignored/>
  </testcase> <!-- checkRegistrationFormLink_ofSignOnPage_ID46 -->
  <testcase name="checkRadioButtons_PreferencesSection_ofReservationPage_ID48" time="0.0" classname="com.uiFrameworkVersion1.companyName.mercury_tours.testScripts.TestScriptSet1">
    <ignored/>
  </testcase> <!-- checkRadioButtons_PreferencesSection_ofReservationPage_ID48 -->
  <testcase name="checkHotelsLinkNavigation_ID24" time="0.0" classname="com.uiFrameworkVersion1.companyName.mercury_tours.testScripts.TestScriptSet1">
    <ignored/>
  </testcase> <!-- checkHotelsLinkNavigation_ID24 -->
  <testcase name="check_yourDestination_LinkNavigation_ofWelcomePage_ID37" time="0.0" classname="com.uiFrameworkVersion1.companyName.mercury_tours.testScripts.TestScriptSet1">
    <ignored/>
  </testcase> <!-- check_yourDestination_LinkNavigation_ofWelcomePage_ID37 -->
  <testcase name="checkBackToHomeButton_ofUnderconstructionPage_ID45" time="0.0" classname="com.uiFrameworkVersion1.companyName.mercury_tours.testScripts.TestScriptSet1">
    <ignored/>
  </testcase> <!-- checkBackToHomeButton_ofUnderconstructionPage_ID45 -->
  <testcase name="check_RegisterHere_LinkNavigation_ofHomePage_ID35" time="0.0" classname="com.uiFrameworkVersion1.companyName.mercury_tours.testScripts.TestScriptSet1">
    <ignored/>
  </testcase> <!-- check_RegisterHere_LinkNavigation_ofHomePage_ID35 -->
  <testcase name="check_FeaturedVactionsDestination_LinkNavigation_ofIndexPage_ID42" time="0.0" classname="com.uiFrameworkVersion1.companyName.mercury_tours.testScripts.TestScriptSet1">
    <ignored/>
  </testcase> <!-- check_FeaturedVactionsDestination_LinkNavigation_ofIndexPage_ID42 -->
  <testcase name="checkVacationsLinkNavigation_ID28" time="0.0" classname="com.uiFrameworkVersion1.companyName.mercury_tours.testScripts.TestScriptSet1">
    <ignored/>
  </testcase> <!-- checkVacationsLinkNavigation_ID28 -->
  <testcase name="checkDropDownListFunctionality_FlightDetailsSection_OnMonthList_ofReservationPage_ID51" time="0.0" classname="com.uiFrameworkVersion1.companyName.mercury_tours.testScripts.TestScriptSet1">
    <ignored/>
  </testcase> <!-- checkDropDownListFunctionality_FlightDetailsSection_OnMonthList_ofReservationPage_ID51 -->
  <testcase name="checkCruisesLinkNavigation_ID26" time="0.0" classname="com.uiFrameworkVersion1.companyName.mercury_tours.testScripts.TestScriptSet1">
    <ignored/>
  </testcase> <!-- checkCruisesLinkNavigation_ID26 -->
  <testcase name="checkRadioButtons_FlightsDetailsSection_ofReservationage_ID47" time="0.0" classname="com.uiFrameworkVersion1.companyName.mercury_tours.testScripts.TestScriptSet1">
    <ignored/>
  </testcase> <!-- checkRadioButtons_FlightsDetailsSection_ofReservationage_ID47 -->
  <testcase name="checkDate_ofWelcomePage_ID40" time="0.0" classname="com.uiFrameworkVersion1.companyName.mercury_tours.testScripts.TestScriptSet1">
    <ignored/>
  </testcase> <!-- checkDate_ofWelcomePage_ID40 -->
  <testcase name="checkRadioButtonFunctionality_ReturnSection_ofReservation2Page_ID62" time="0.0" classname="com.uiFrameworkVersion1.companyName.mercury_tours.testScripts.TestScriptSet1">
    <ignored/>
  </testcase> <!-- checkRadioButtonFunctionality_ReturnSection_ofReservation2Page_ID62 -->
  <testcase name="checkDropDownListFunctionality_FlightDetailsSection_ReturningDayList_ofReservationPage_ID55" time="0.0" classname="com.uiFrameworkVersion1.companyName.mercury_tours.testScripts.TestScriptSet1">
    <ignored/>
  </testcase> <!-- checkDropDownListFunctionality_FlightDetailsSection_ReturningDayList_ofReservationPage_ID55 -->
</testsuite> <!-- Default test -->
