<?xml version="1.0" encoding="UTF-8"?>
<!-- Generated by org.testng.reporters.JUnitXMLReporter -->
<testsuite hostname="ASUS-PC" ignored="81" name="Default test" tests="3" failures="0" timestamp="14 Dec 2019 12:31:20 GMT" time="146.58" errors="0">
  <testcase name="verify_BacktoFlights_ButtonFunctionality_onPurchase2page_ID105" time="27.485" classname="com.uiFrameworkVersion1.companyName.mercury_tours.testScripts.TestScriptSet1"/>
  <testcase name="verify_BacktoHome_ButtonFunctionality_onPurchase2page_ID106" time="45.906" classname="com.uiFrameworkVersion1.companyName.mercury_tours.testScripts.TestScriptSet1"/>
  <testcase name="verify_Logout_ButtonFunctionality_onPurchase2page_ID107" time="41.992" classname="com.uiFrameworkVersion1.companyName.mercury_tours.testScripts.TestScriptSet1"/>
  <testcase name="checkDepartureDateFunctionality_DepartSection_ofReservation2Page_ID65" time="0.0" classname="com.uiFrameworkVersion1.companyName.mercury_tours.testScripts.TestScriptSet1">
    <ignored/>
  </testcase> <!-- checkDepartureDateFunctionality_DepartSection_ofReservation2Page_ID65 -->
  <testcase name="checkRegisterLinkNavigation_ID30" time="0.0" classname="com.uiFrameworkVersion1.companyName.mercury_tours.testScripts.TestScriptSet1">
    <ignored/>
  </testcase> <!-- checkRegisterLinkNavigation_ID30 -->
  <testcase name="checkFlightsLinkNavigation_ID23" time="0.0" classname="com.uiFrameworkVersion1.companyName.mercury_tours.testScripts.TestScriptSet1">
    <ignored/>
  </testcase> <!-- checkFlightsLinkNavigation_ID23 -->
  <testcase name="check_RegisterHere_LinkNavigation_ofIndexPage_ID43" time="0.0" classname="com.uiFrameworkVersion1.companyName.mercury_tours.testScripts.TestScriptSet1">
    <ignored/>
  </testcase> <!-- check_RegisterHere_LinkNavigation_ofIndexPage_ID43 -->
  <testcase name="verifyBillingAddress_BilledToSection_onPurchase2page_ID101" time="0.0" classname="com.uiFrameworkVersion1.companyName.mercury_tours.testScripts.TestScriptSet1">
    <ignored/>
  </testcase> <!-- verifyBillingAddress_BilledToSection_onPurchase2page_ID101 -->
  <testcase name="check_yourDestination_LinkNavigation_ofIndexPage_ID41" time="0.0" classname="com.uiFrameworkVersion1.companyName.mercury_tours.testScripts.TestScriptSet1">
    <ignored/>
  </testcase> <!-- check_yourDestination_LinkNavigation_ofIndexPage_ID41 -->
  <testcase name="verifyTotalTax_onPurchase2page_ID103" time="0.0" classname="com.uiFrameworkVersion1.companyName.mercury_tours.testScripts.TestScriptSet1">
    <ignored/>
  </testcase> <!-- verifyTotalTax_onPurchase2page_ID103 -->
  <testcase name="checkItineraryLinkNavigation_ofReservationPage_ID58" time="0.0" classname="com.uiFrameworkVersion1.companyName.mercury_tours.testScripts.TestScriptSet1">
    <ignored/>
  </testcase> <!-- checkItineraryLinkNavigation_ofReservationPage_ID58 -->
  <testcase name="checkDropDownListFunctionality_FlightDetailsSection_PassengersList_ofReservationPage_ID49" time="0.0" classname="com.uiFrameworkVersion1.companyName.mercury_tours.testScripts.TestScriptSet1">
    <ignored/>
  </testcase> <!-- checkDropDownListFunctionality_FlightDetailsSection_PassengersList_ofReservationPage_ID49 -->
  <testcase name="checkDropDownListFunctionality_FlightDetailsSection_ReturningMonthList_ofReservationPage_ID54" time="0.0" classname="com.uiFrameworkVersion1.companyName.mercury_tours.testScripts.TestScriptSet1">
    <ignored/>
  </testcase> <!-- checkDropDownListFunctionality_FlightDetailsSection_ReturningMonthList_ofReservationPage_ID54 -->
  <testcase name="checkDropDownListFunctionality_FlightDetailsSection_ArrivingInList_ofReservationPage_ID53" time="0.0" classname="com.uiFrameworkVersion1.companyName.mercury_tours.testScripts.TestScriptSet1">
    <ignored/>
  </testcase> <!-- checkDropDownListFunctionality_FlightDetailsSection_ArrivingInList_ofReservationPage_ID53 -->
  <testcase name="checkSupportLinkNavigation_ID31" time="0.0" classname="com.uiFrameworkVersion1.companyName.mercury_tours.testScripts.TestScriptSet1">
    <ignored/>
  </testcase> <!-- checkSupportLinkNavigation_ID31 -->
  <testcase name="checkHomeLinkNavigation_ID22" time="0.0" classname="com.uiFrameworkVersion1.companyName.mercury_tours.testScripts.TestScriptSet1">
    <ignored/>
  </testcase> <!-- checkHomeLinkNavigation_ID22 -->
  <testcase name="verifyFlightDestinations_ReturningSection_onPurchase2page_ID96" time="0.0" classname="com.uiFrameworkVersion1.companyName.mercury_tours.testScripts.TestScriptSet1">
    <ignored/>
  </testcase> <!-- verifyFlightDestinations_ReturningSection_onPurchase2page_ID96 -->
  <testcase name="verifyFlightServiceClass_ReturningSection_onPurchase2page_ID98" time="0.0" classname="com.uiFrameworkVersion1.companyName.mercury_tours.testScripts.TestScriptSet1">
    <ignored/>
  </testcase> <!-- verifyFlightServiceClass_ReturningSection_onPurchase2page_ID98 -->
  <testcase name="checkSercurePurchaseButtonFunctionality_ofPurchasePage_ID90" time="0.0" classname="com.uiFrameworkVersion1.companyName.mercury_tours.testScripts.TestScriptSet1">
    <ignored/>
  </testcase> <!-- checkSercurePurchaseButtonFunctionality_ofPurchasePage_ID90 -->
  <testcase name="check_RegisterHere_LinkNavigation_ofWelcomePage_ID39" time="0.0" classname="com.uiFrameworkVersion1.companyName.mercury_tours.testScripts.TestScriptSet1">
    <ignored/>
  </testcase> <!-- check_RegisterHere_LinkNavigation_ofWelcomePage_ID39 -->
  <testcase name="checkLabelFunctionality_DepartSection_ofReservation2Page_ID63" time="0.0" classname="com.uiFrameworkVersion1.companyName.mercury_tours.testScripts.TestScriptSet1">
    <ignored/>
  </testcase> <!-- checkLabelFunctionality_DepartSection_ofReservation2Page_ID63 -->
  <testcase name="checkDropdownListFunctionality_CreditCardSection_ofPurchasePage_ID84" time="0.0" classname="com.uiFrameworkVersion1.companyName.mercury_tours.testScripts.TestScriptSet1">
    <ignored/>
  </testcase> <!-- checkDropdownListFunctionality_CreditCardSection_ofPurchasePage_ID84 -->
  <testcase name="checkDate_ofHomePage_ID36" time="0.0" classname="com.uiFrameworkVersion1.companyName.mercury_tours.testScripts.TestScriptSet1">
    <ignored/>
  </testcase> <!-- checkDate_ofHomePage_ID36 -->
  <testcase name="checkDropdownListFunctionality_CreditCardSection_ofPurchasePage_ID83" time="0.0" classname="com.uiFrameworkVersion1.companyName.mercury_tours.testScripts.TestScriptSet1">
    <ignored/>
  </testcase> <!-- checkDropdownListFunctionality_CreditCardSection_ofPurchasePage_ID83 -->
  <testcase name="checkRegistrationFormLink_ofSignOnPage_ID46" time="0.0" classname="com.uiFrameworkVersion1.companyName.mercury_tours.testScripts.TestScriptSet1">
    <ignored/>
  </testcase> <!-- checkRegistrationFormLink_ofSignOnPage_ID46 -->
  <testcase name="checkDropdownListFunctionality_DeliveryAddressSection_ofPurchasePage_ID87" time="0.0" classname="com.uiFrameworkVersion1.companyName.mercury_tours.testScripts.TestScriptSet1">
    <ignored/>
  </testcase> <!-- checkDropdownListFunctionality_DeliveryAddressSection_ofPurchasePage_ID87 -->
  <testcase name="checkDropdownListFunctionality_CreditCardSection_ofPurchasePage_ID85" time="0.0" classname="com.uiFrameworkVersion1.companyName.mercury_tours.testScripts.TestScriptSet1">
    <ignored/>
  </testcase> <!-- checkDropdownListFunctionality_CreditCardSection_ofPurchasePage_ID85 -->
  <testcase name="checkRadioButtons_PreferencesSection_ofReservationPage_ID48" time="0.0" classname="com.uiFrameworkVersion1.companyName.mercury_tours.testScripts.TestScriptSet1">
    <ignored/>
  </testcase> <!-- checkRadioButtons_PreferencesSection_ofReservationPage_ID48 -->
  <testcase name="checkContinueButtonFunctionality_ofReservation2Page_ID67" time="0.0" classname="com.uiFrameworkVersion1.companyName.mercury_tours.testScripts.TestScriptSet1">
    <ignored/>
  </testcase> <!-- checkContinueButtonFunctionality_ofReservation2Page_ID67 -->
  <testcase name="check_RegisterHere_LinkNavigation_ofHomePage_ID35" time="0.0" classname="com.uiFrameworkVersion1.companyName.mercury_tours.testScripts.TestScriptSet1">
    <ignored/>
  </testcase> <!-- check_RegisterHere_LinkNavigation_ofHomePage_ID35 -->
  <testcase name="checkTotalPriceFunctionality_summarySection_ofPurchasePage_ID80" time="0.0" classname="com.uiFrameworkVersion1.companyName.mercury_tours.testScripts.TestScriptSet1">
    <ignored/>
  </testcase> <!-- checkTotalPriceFunctionality_summarySection_ofPurchasePage_ID80 -->
  <testcase name="checkDropdownListFunctionality_BillingAddressSection_ofPurchasePage_ID86" time="0.0" classname="com.uiFrameworkVersion1.companyName.mercury_tours.testScripts.TestScriptSet1">
    <ignored/>
  </testcase> <!-- checkDropdownListFunctionality_BillingAddressSection_ofPurchasePage_ID86 -->
  <testcase name="checkDepartureDateFunctionality_summarySection_ofPurchasePage_ID70" time="0.0" classname="com.uiFrameworkVersion1.companyName.mercury_tours.testScripts.TestScriptSet1">
    <ignored/>
  </testcase> <!-- checkDepartureDateFunctionality_summarySection_ofPurchasePage_ID70 -->
  <testcase name="checkVacationsLinkNavigation_ID28" time="0.0" classname="com.uiFrameworkVersion1.companyName.mercury_tours.testScripts.TestScriptSet1">
    <ignored/>
  </testcase> <!-- checkVacationsLinkNavigation_ID28 -->
  <testcase name="checkDropDownListFunctionality_FlightDetailsSection_OnMonthList_ofReservationPage_ID51" time="0.0" classname="com.uiFrameworkVersion1.companyName.mercury_tours.testScripts.TestScriptSet1">
    <ignored/>
  </testcase> <!-- checkDropDownListFunctionality_FlightDetailsSection_OnMonthList_ofReservationPage_ID51 -->
  <testcase name="verifyFlightDestinations_DepartingSection_onPurchase2page_ID92" time="0.0" classname="com.uiFrameworkVersion1.companyName.mercury_tours.testScripts.TestScriptSet1">
    <ignored/>
  </testcase> <!-- verifyFlightDestinations_DepartingSection_onPurchase2page_ID92 -->
  <testcase name="checklabelFunctionality_summarySection_ofPurchasePage_ID78" time="0.0" classname="com.uiFrameworkVersion1.companyName.mercury_tours.testScripts.TestScriptSet1">
    <ignored/>
  </testcase> <!-- checklabelFunctionality_summarySection_ofPurchasePage_ID78 -->
  <testcase name="checklabelFunctionality_summarySection_ofPurchasePage_ID76" time="0.0" classname="com.uiFrameworkVersion1.companyName.mercury_tours.testScripts.TestScriptSet1">
    <ignored/>
  </testcase> <!-- checklabelFunctionality_summarySection_ofPurchasePage_ID76 -->
  <testcase name="checklabelFunctionality_summarySection_ofPurchasePage_ID79" time="0.0" classname="com.uiFrameworkVersion1.companyName.mercury_tours.testScripts.TestScriptSet1">
    <ignored/>
  </testcase> <!-- checklabelFunctionality_summarySection_ofPurchasePage_ID79 -->
  <testcase name="checkRadioButtonFunctionality_ReturnSection_ofReservation2Page_ID62" time="0.0" classname="com.uiFrameworkVersion1.companyName.mercury_tours.testScripts.TestScriptSet1">
    <ignored/>
  </testcase> <!-- checkRadioButtonFunctionality_ReturnSection_ofReservation2Page_ID62 -->
  <testcase name="checklabelFunctionality_summarySection_ofPurchasePage_ID74" time="0.0" classname="com.uiFrameworkVersion1.companyName.mercury_tours.testScripts.TestScriptSet1">
    <ignored/>
  </testcase> <!-- checklabelFunctionality_summarySection_ofPurchasePage_ID74 -->
  <testcase name="checklabelFunctionality_summarySection_ofPurchasePage_ID77" time="0.0" classname="com.uiFrameworkVersion1.companyName.mercury_tours.testScripts.TestScriptSet1">
    <ignored/>
  </testcase> <!-- checklabelFunctionality_summarySection_ofPurchasePage_ID77 -->
  <testcase name="checklabelFunctionality_summarySection_ofPurchasePage_ID72" time="0.0" classname="com.uiFrameworkVersion1.companyName.mercury_tours.testScripts.TestScriptSet1">
    <ignored/>
  </testcase> <!-- checklabelFunctionality_summarySection_ofPurchasePage_ID72 -->
  <testcase name="checklabelFunctionality_summarySection_ofPurchasePage_ID75" time="0.0" classname="com.uiFrameworkVersion1.companyName.mercury_tours.testScripts.TestScriptSet1">
    <ignored/>
  </testcase> <!-- checklabelFunctionality_summarySection_ofPurchasePage_ID75 -->
  <testcase name="checkDropDownListFunctionality_FlightDetailsSection_OnDayList_ofReservationPage_ID52" time="0.0" classname="com.uiFrameworkVersion1.companyName.mercury_tours.testScripts.TestScriptSet1">
    <ignored/>
  </testcase> <!-- checkDropDownListFunctionality_FlightDetailsSection_OnDayList_ofReservationPage_ID52 -->
  <testcase name="checkDestinationsLinkNavigation_ID27" time="0.0" classname="com.uiFrameworkVersion1.companyName.mercury_tours.testScripts.TestScriptSet1">
    <ignored/>
  </testcase> <!-- checkDestinationsLinkNavigation_ID27 -->
  <testcase name="checkDate_ofIndexPage_ID44" time="0.0" classname="com.uiFrameworkVersion1.companyName.mercury_tours.testScripts.TestScriptSet1">
    <ignored/>
  </testcase> <!-- checkDate_ofIndexPage_ID44 -->
  <testcase name="checkLabelFunctionality_ofPurchasePage_ID69" time="0.0" classname="com.uiFrameworkVersion1.companyName.mercury_tours.testScripts.TestScriptSet1">
    <ignored/>
  </testcase> <!-- checkLabelFunctionality_ofPurchasePage_ID69 -->
  <testcase name="checkContactLinkNavigation_ID32" time="0.0" classname="com.uiFrameworkVersion1.companyName.mercury_tours.testScripts.TestScriptSet1">
    <ignored/>
  </testcase> <!-- checkContactLinkNavigation_ID32 -->
  <testcase name="checkDropDownListFunctionality_PreferencesSection_AirlineList_ofReservationPage_ID56" time="0.0" classname="com.uiFrameworkVersion1.companyName.mercury_tours.testScripts.TestScriptSet1">
    <ignored/>
  </testcase> <!-- checkDropDownListFunctionality_PreferencesSection_AirlineList_ofReservationPage_ID56 -->
  <testcase name="checkSignOnLinkNavigation_ID29" time="0.0" classname="com.uiFrameworkVersion1.companyName.mercury_tours.testScripts.TestScriptSet1">
    <ignored/>
  </testcase> <!-- checkSignOnLinkNavigation_ID29 -->
  <testcase name="verifyFlightPrice_DepartingSection_onPurchase2page_ID95" time="0.0" classname="com.uiFrameworkVersion1.companyName.mercury_tours.testScripts.TestScriptSet1">
    <ignored/>
  </testcase> <!-- verifyFlightPrice_DepartingSection_onPurchase2page_ID95 -->
  <testcase name="checkProfileLinkNavigation_ofReservationPage_ID59" time="0.0" classname="com.uiFrameworkVersion1.companyName.mercury_tours.testScripts.TestScriptSet1">
    <ignored/>
  </testcase> <!-- checkProfileLinkNavigation_ofReservationPage_ID59 -->
  <testcase name="verifyTotalPrice_onPurchase2page_ID104" time="0.0" classname="com.uiFrameworkVersion1.companyName.mercury_tours.testScripts.TestScriptSet1">
    <ignored/>
  </testcase> <!-- verifyTotalPrice_onPurchase2page_ID104 -->
  <testcase name="checkCarRentalsLinkNavigation_ID25" time="0.0" classname="com.uiFrameworkVersion1.companyName.mercury_tours.testScripts.TestScriptSet1">
    <ignored/>
  </testcase> <!-- checkCarRentalsLinkNavigation_ID25 -->
  <testcase name="check_FeaturedVactionsDestination_LinkNavigation_ofWelcomePage_ID38" time="0.0" classname="com.uiFrameworkVersion1.companyName.mercury_tours.testScripts.TestScriptSet1">
    <ignored/>
  </testcase> <!-- check_FeaturedVactionsDestination_LinkNavigation_ofWelcomePage_ID38 -->
  <testcase name="checkDropDownListFunctionality_FlightDetailsSection_DepartingfromList_ofReservationPage_ID50" time="0.0" classname="com.uiFrameworkVersion1.companyName.mercury_tours.testScripts.TestScriptSet1">
    <ignored/>
  </testcase> <!-- checkDropDownListFunctionality_FlightDetailsSection_DepartingfromList_ofReservationPage_ID50 -->
  <testcase name="verifyPassengers_PassengersSection_onPurchase2page_ID100" time="0.0" classname="com.uiFrameworkVersion1.companyName.mercury_tours.testScripts.TestScriptSet1">
    <ignored/>
  </testcase> <!-- verifyPassengers_PassengersSection_onPurchase2page_ID100 -->
  <testcase name="checkLabelFunctionality_ReturnSection_ofReservation2Page_ID64" time="0.0" classname="com.uiFrameworkVersion1.companyName.mercury_tours.testScripts.TestScriptSet1">
    <ignored/>
  </testcase> <!-- checkLabelFunctionality_ReturnSection_ofReservation2Page_ID64 -->
  <testcase name="checkLabelFunctionality_ofPurchasePage_ID68" time="0.0" classname="com.uiFrameworkVersion1.companyName.mercury_tours.testScripts.TestScriptSet1">
    <ignored/>
  </testcase> <!-- checkLabelFunctionality_ofPurchasePage_ID68 -->
  <testcase name="verifyFlightDateTimeAirline_ReturningSection_onPurchase2page_ID97" time="0.0" classname="com.uiFrameworkVersion1.companyName.mercury_tours.testScripts.TestScriptSet1">
    <ignored/>
  </testcase> <!-- verifyFlightDateTimeAirline_ReturningSection_onPurchase2page_ID97 -->
  <testcase name="check_yourDestination_LinkNavigation_ofHomePage_ID33" time="0.0" classname="com.uiFrameworkVersion1.companyName.mercury_tours.testScripts.TestScriptSet1">
    <ignored/>
  </testcase> <!-- check_yourDestination_LinkNavigation_ofHomePage_ID33 -->
  <testcase name="checkRadioButtonFunctionality_DepartSection_ofReservation2Page_ID61" time="0.0" classname="com.uiFrameworkVersion1.companyName.mercury_tours.testScripts.TestScriptSet1">
    <ignored/>
  </testcase> <!-- checkRadioButtonFunctionality_DepartSection_ofReservation2Page_ID61 -->
  <testcase name="checkCheckBoxFunctionality_DeliveryAddressSection_ofPurchasePage_ID89" time="0.0" classname="com.uiFrameworkVersion1.companyName.mercury_tours.testScripts.TestScriptSet1">
    <ignored/>
  </testcase> <!-- checkCheckBoxFunctionality_DeliveryAddressSection_ofPurchasePage_ID89 -->
  <testcase name="verifyFlightPrice_ReturningSection_onPurchase2page_ID99" time="0.0" classname="com.uiFrameworkVersion1.companyName.mercury_tours.testScripts.TestScriptSet1">
    <ignored/>
  </testcase> <!-- verifyFlightPrice_ReturningSection_onPurchase2page_ID99 -->
  <testcase name="checkReturningDateFunctionality_summarySection_ofPurchasePage_ID71" time="0.0" classname="com.uiFrameworkVersion1.companyName.mercury_tours.testScripts.TestScriptSet1">
    <ignored/>
  </testcase> <!-- checkReturningDateFunctionality_summarySection_ofPurchasePage_ID71 -->
  <testcase name="verifySuccesfulFlightBookingMessage_onPurchase2page_ID91" time="0.0" classname="com.uiFrameworkVersion1.companyName.mercury_tours.testScripts.TestScriptSet1">
    <ignored/>
  </testcase> <!-- verifySuccesfulFlightBookingMessage_onPurchase2page_ID91 -->
  <testcase name="checkDynamicRowsFunctionality_PassengersSection_ofPurchasePage_ID81" time="0.0" classname="com.uiFrameworkVersion1.companyName.mercury_tours.testScripts.TestScriptSet1">
    <ignored/>
  </testcase> <!-- checkDynamicRowsFunctionality_PassengersSection_ofPurchasePage_ID81 -->
  <testcase name="checkContinueButtonFunctionality_ofReservationPage_ID57" time="0.0" classname="com.uiFrameworkVersion1.companyName.mercury_tours.testScripts.TestScriptSet1">
    <ignored/>
  </testcase> <!-- checkContinueButtonFunctionality_ofReservationPage_ID57 -->
  <testcase name="check_FeaturedVactionsDestination_LinkNavigation_ofHomePage_ID34" time="0.0" classname="com.uiFrameworkVersion1.companyName.mercury_tours.testScripts.TestScriptSet1">
    <ignored/>
  </testcase> <!-- check_FeaturedVactionsDestination_LinkNavigation_ofHomePage_ID34 -->
  <testcase name="checkHotelsLinkNavigation_ID24" time="0.0" classname="com.uiFrameworkVersion1.companyName.mercury_tours.testScripts.TestScriptSet1">
    <ignored/>
  </testcase> <!-- checkHotelsLinkNavigation_ID24 -->
  <testcase name="verifyBillingAddress_DeliverySection_onPurchase2page_ID102" time="0.0" classname="com.uiFrameworkVersion1.companyName.mercury_tours.testScripts.TestScriptSet1">
    <ignored/>
  </testcase> <!-- verifyBillingAddress_DeliverySection_onPurchase2page_ID102 -->
  <testcase name="checkReturningDateFunctionality_ReturnSection_ofReservation2Page_ID66" time="0.0" classname="com.uiFrameworkVersion1.companyName.mercury_tours.testScripts.TestScriptSet1">
    <ignored/>
  </testcase> <!-- checkReturningDateFunctionality_ReturnSection_ofReservation2Page_ID66 -->
  <testcase name="check_yourDestination_LinkNavigation_ofWelcomePage_ID37" time="0.0" classname="com.uiFrameworkVersion1.companyName.mercury_tours.testScripts.TestScriptSet1">
    <ignored/>
  </testcase> <!-- check_yourDestination_LinkNavigation_ofWelcomePage_ID37 -->
  <testcase name="checkBackToHomeButton_ofUnderconstructionPage_ID45" time="0.0" classname="com.uiFrameworkVersion1.companyName.mercury_tours.testScripts.TestScriptSet1">
    <ignored/>
  </testcase> <!-- checkBackToHomeButton_ofUnderconstructionPage_ID45 -->
  <testcase name="checkCheckBoxFunctionality_BillingAddressSection_ofPurchasePage_ID88" time="0.0" classname="com.uiFrameworkVersion1.companyName.mercury_tours.testScripts.TestScriptSet1">
    <ignored/>
  </testcase> <!-- checkCheckBoxFunctionality_BillingAddressSection_ofPurchasePage_ID88 -->
  <testcase name="check_FeaturedVactionsDestination_LinkNavigation_ofIndexPage_ID42" time="0.0" classname="com.uiFrameworkVersion1.companyName.mercury_tours.testScripts.TestScriptSet1">
    <ignored/>
  </testcase> <!-- check_FeaturedVactionsDestination_LinkNavigation_ofIndexPage_ID42 -->
  <testcase name="verifyFlightDateTimeAirline_DepartingSection_onPurchase2page_ID93" time="0.0" classname="com.uiFrameworkVersion1.companyName.mercury_tours.testScripts.TestScriptSet1">
    <ignored/>
  </testcase> <!-- verifyFlightDateTimeAirline_DepartingSection_onPurchase2page_ID93 -->
  <testcase name="verifyFlightServiceClass_DepartingSection_onPurchase2page_ID94" time="0.0" classname="com.uiFrameworkVersion1.companyName.mercury_tours.testScripts.TestScriptSet1">
    <ignored/>
  </testcase> <!-- verifyFlightServiceClass_DepartingSection_onPurchase2page_ID94 -->
  <testcase name="checkCruisesLinkNavigation_ID26" time="0.0" classname="com.uiFrameworkVersion1.companyName.mercury_tours.testScripts.TestScriptSet1">
    <ignored/>
  </testcase> <!-- checkCruisesLinkNavigation_ID26 -->
  <testcase name="checkDropdownListFunctionality_PassengersSection_ofPurchasePage_ID82" time="0.0" classname="com.uiFrameworkVersion1.companyName.mercury_tours.testScripts.TestScriptSet1">
    <ignored/>
  </testcase> <!-- checkDropdownListFunctionality_PassengersSection_ofPurchasePage_ID82 -->
  <testcase name="checkDate_ofWelcomePage_ID40" time="0.0" classname="com.uiFrameworkVersion1.companyName.mercury_tours.testScripts.TestScriptSet1">
    <ignored/>
  </testcase> <!-- checkDate_ofWelcomePage_ID40 -->
  <testcase name="checkRadioButtons_FlightsDetailsSection_ofReservationage_ID47" time="0.0" classname="com.uiFrameworkVersion1.companyName.mercury_tours.testScripts.TestScriptSet1">
    <ignored/>
  </testcase> <!-- checkRadioButtons_FlightsDetailsSection_ofReservationage_ID47 -->
  <testcase name="checkDropDownListFunctionality_FlightDetailsSection_ReturningDayList_ofReservationPage_ID55" time="0.0" classname="com.uiFrameworkVersion1.companyName.mercury_tours.testScripts.TestScriptSet1">
    <ignored/>
  </testcase> <!-- checkDropDownListFunctionality_FlightDetailsSection_ReturningDayList_ofReservationPage_ID55 -->
</testsuite> <!-- Default test -->
