<?xml version="1.0" encoding="UTF-8"?>
<testng-results skipped="0" failed="1" ignored="0" total="1" passed="0">
  <reporter-output>
  </reporter-output>
  <suite name="Command line suite" duration-ms="16915" started-at="2019-11-22T05:49:55Z" finished-at="2019-11-22T05:50:12Z">
    <groups>
    </groups>
    <test name="Command line test" duration-ms="16915" started-at="2019-11-22T05:49:55Z" finished-at="2019-11-22T05:50:12Z">
      <class name="com.uiFrameworkVersion1.TestScripts">
        <test-method status="FAIL" signature="ClickOnSigOn()[pri:0, instance:com.uiFrameworkVersion1.TestScripts@79b4d0f]" name="ClickOnSigOn" duration-ms="16875" started-at="2019-11-22T05:49:55Z" finished-at="2019-11-22T05:50:12Z">
          <exception class="org.openqa.selenium.SessionNotCreatedException">
            <message>
              <![CDATA[session not created
from chrome not reachable
  (Session info: chrome=78.0.3904.108)
Build info: version: '3.141.59', revision: 'e82be7d358', time: '2018-11-14T08:17:03'
System info: host: 'ASUS-PC', ip: '192.168.43.135', os.name: 'Windows 10', os.arch: 'amd64', os.version: '10.0', java.version: '1.8.0_191'
Driver info: driver.version: ChromeDriver
remote stacktrace: Backtrace:
Ordinal0 [0x00A1A903+1550595]
Ordinal0 [0x0099A701+1025793]
Ordinal0 [0x0091C58E+509326]
Ordinal0 [0x009162C2+484034]
Ordinal0 [0x0091699B+485787]
Ordinal0 [0x00917B05+490245]
Ordinal0 [0x00913A85+473733]
Ordinal0 [0x0091D330+512816]
Ordinal0 [0x008CB649+177737]
Ordinal0 [0x008CA8ED+174317]
Ordinal0 [0x008C8CDB+167131]
Ordinal0 [0x008B144A+70730]
Ordinal0 [0x008B24D0+74960]
Ordinal0 [0x008B2469+74857]
Ordinal0 [0x009B42C7+1131207]
GetHandleVerifier [0x00AB70FD+523789]
GetHandleVerifier [0x00AB6E90+523168]
GetHandleVerifier [0x00ABE1E7+552695]
GetHandleVerifier [0x00AB78FA+525834]
Ordinal0 [0x009AB7FC+1095676]
Ordinal0 [0x009B633B+1139515]
Ordinal0 [0x009B64A3+1139875]
Ordinal0 [0x009B5425+1135653]
BaseThreadInitThunk [0x75866359+25]
RtlGetAppContainerNamedObjectPath [0x776B7B74+228]
RtlGetAppContainerNamedObjectPath [0x776B7B44+180]
]]>
            </message>
            <full-stacktrace>
              <![CDATA[org.openqa.selenium.SessionNotCreatedException: session not created
from chrome not reachable
  (Session info: chrome=78.0.3904.108)
Build info: version: '3.141.59', revision: 'e82be7d358', time: '2018-11-14T08:17:03'
System info: host: 'ASUS-PC', ip: '192.168.43.135', os.name: 'Windows 10', os.arch: 'amd64', os.version: '10.0', java.version: '1.8.0_191'
Driver info: driver.version: ChromeDriver
remote stacktrace: Backtrace:
Ordinal0 [0x00A1A903+1550595]
Ordinal0 [0x0099A701+1025793]
Ordinal0 [0x0091C58E+509326]
Ordinal0 [0x009162C2+484034]
Ordinal0 [0x0091699B+485787]
Ordinal0 [0x00917B05+490245]
Ordinal0 [0x00913A85+473733]
Ordinal0 [0x0091D330+512816]
Ordinal0 [0x008CB649+177737]
Ordinal0 [0x008CA8ED+174317]
Ordinal0 [0x008C8CDB+167131]
Ordinal0 [0x008B144A+70730]
Ordinal0 [0x008B24D0+74960]
Ordinal0 [0x008B2469+74857]
Ordinal0 [0x009B42C7+1131207]
GetHandleVerifier [0x00AB70FD+523789]
GetHandleVerifier [0x00AB6E90+523168]
GetHandleVerifier [0x00ABE1E7+552695]
GetHandleVerifier [0x00AB78FA+525834]
Ordinal0 [0x009AB7FC+1095676]
Ordinal0 [0x009B633B+1139515]
Ordinal0 [0x009B64A3+1139875]
Ordinal0 [0x009B5425+1135653]
BaseThreadInitThunk [0x75866359+25]
RtlGetAppContainerNamedObjectPath [0x776B7B74+228]
RtlGetAppContainerNamedObjectPath [0x776B7B44+180]

at sun.reflect.NativeConstructorAccessorImpl.newInstance0(Native Method)
at sun.reflect.NativeConstructorAccessorImpl.newInstance(NativeConstructorAccessorImpl.java:62)
at sun.reflect.DelegatingConstructorAccessorImpl.newInstance(DelegatingConstructorAccessorImpl.java:45)
at java.lang.reflect.Constructor.newInstance(Constructor.java:423)
at org.openqa.selenium.remote.W3CHandshakeResponse.lambda$errorHandler$0(W3CHandshakeResponse.java:62)
at org.openqa.selenium.remote.HandshakeResponse.lambda$getResponseFunction$0(HandshakeResponse.java:30)
at org.openqa.selenium.remote.ProtocolHandshake.lambda$createSession$0(ProtocolHandshake.java:126)
at java.util.stream.ReferencePipeline$3$1.accept(ReferencePipeline.java:193)
at java.util.Spliterators$ArraySpliterator.tryAdvance(Spliterators.java:958)
at java.util.stream.ReferencePipeline.forEachWithCancel(ReferencePipeline.java:126)
at java.util.stream.AbstractPipeline.copyIntoWithCancel(AbstractPipeline.java:498)
at java.util.stream.AbstractPipeline.copyInto(AbstractPipeline.java:485)
at java.util.stream.AbstractPipeline.wrapAndCopyInto(AbstractPipeline.java:471)
at java.util.stream.FindOps$FindOp.evaluateSequential(FindOps.java:152)
at java.util.stream.AbstractPipeline.evaluate(AbstractPipeline.java:234)
at java.util.stream.ReferencePipeline.findFirst(ReferencePipeline.java:464)
at org.openqa.selenium.remote.ProtocolHandshake.createSession(ProtocolHandshake.java:128)
at org.openqa.selenium.remote.ProtocolHandshake.createSession(ProtocolHandshake.java:74)
at org.openqa.selenium.remote.HttpCommandExecutor.execute(HttpCommandExecutor.java:136)
at org.openqa.selenium.remote.service.DriverCommandExecutor.execute(DriverCommandExecutor.java:83)
at org.openqa.selenium.remote.RemoteWebDriver.execute(RemoteWebDriver.java:552)
at org.openqa.selenium.remote.RemoteWebDriver.startSession(RemoteWebDriver.java:213)
at org.openqa.selenium.remote.RemoteWebDriver.<init>(RemoteWebDriver.java:131)
at org.openqa.selenium.chrome.ChromeDriver.<init>(ChromeDriver.java:181)
at org.openqa.selenium.chrome.ChromeDriver.<init>(ChromeDriver.java:168)
at org.openqa.selenium.chrome.ChromeDriver.<init>(ChromeDriver.java:123)
at com.uiFrameworkVersion1.TestScripts.ClickOnSigOn(TestScripts.java:22)
at sun.reflect.NativeMethodAccessorImpl.invoke0(Native Method)
at sun.reflect.NativeMethodAccessorImpl.invoke(NativeMethodAccessorImpl.java:62)
at sun.reflect.DelegatingMethodAccessorImpl.invoke(DelegatingMethodAccessorImpl.java:43)
at java.lang.reflect.Method.invoke(Method.java:498)
at org.testng.internal.MethodInvocationHelper.invokeMethod(MethodInvocationHelper.java:124)
at org.testng.internal.Invoker.invokeMethod(Invoker.java:583)
at org.testng.internal.Invoker.invokeTestMethod(Invoker.java:719)
at org.testng.internal.Invoker.invokeTestMethods(Invoker.java:989)
at org.testng.internal.TestMethodWorker.invokeTestMethods(TestMethodWorker.java:125)
at org.testng.internal.TestMethodWorker.run(TestMethodWorker.java:109)
at org.testng.TestRunner.privateRun(TestRunner.java:648)
at org.testng.TestRunner.run(TestRunner.java:505)
at org.testng.SuiteRunner.runTest(SuiteRunner.java:455)
at org.testng.SuiteRunner.runSequentially(SuiteRunner.java:450)
at org.testng.SuiteRunner.privateRun(SuiteRunner.java:415)
at org.testng.SuiteRunner.run(SuiteRunner.java:364)
at org.testng.SuiteRunnerWorker.runSuite(SuiteRunnerWorker.java:52)
at org.testng.SuiteRunnerWorker.run(SuiteRunnerWorker.java:84)
at org.testng.TestNG.runSuitesSequentially(TestNG.java:1208)
at org.testng.TestNG.runSuitesLocally(TestNG.java:1137)
at org.testng.TestNG.runSuites(TestNG.java:1049)
at org.testng.TestNG.run(TestNG.java:1017)
at org.apache.maven.surefire.testng.TestNGExecutor.run(TestNGExecutor.java:77)
at org.apache.maven.surefire.testng.TestNGDirectoryTestSuite.executeMulti(TestNGDirectoryTestSuite.java:159)
at org.apache.maven.surefire.testng.TestNGDirectoryTestSuite.execute(TestNGDirectoryTestSuite.java:99)
at org.apache.maven.surefire.testng.TestNGProvider.invoke(TestNGProvider.java:106)
at sun.reflect.NativeMethodAccessorImpl.invoke0(Native Method)
at sun.reflect.NativeMethodAccessorImpl.invoke(NativeMethodAccessorImpl.java:62)
at sun.reflect.DelegatingMethodAccessorImpl.invoke(DelegatingMethodAccessorImpl.java:43)
at java.lang.reflect.Method.invoke(Method.java:498)
at org.apache.maven.surefire.util.ReflectionUtils.invokeMethodWithArray(ReflectionUtils.java:189)
at org.apache.maven.surefire.booter.ProviderFactory$ProviderProxy.invoke(ProviderFactory.java:165)
at org.apache.maven.surefire.booter.ProviderFactory.invokeProvider(ProviderFactory.java:85)
at org.apache.maven.surefire.booter.ForkedBooter.runSuitesInProcess(ForkedBooter.java:115)
at org.apache.maven.surefire.booter.ForkedBooter.main(ForkedBooter.java:75)
]]>
            </full-stacktrace>
          </exception> <!-- org.openqa.selenium.SessionNotCreatedException -->
          <reporter-output>
          </reporter-output>
        </test-method> <!-- ClickOnSigOn -->
      </class> <!-- com.uiFrameworkVersion1.TestScripts -->
    </test> <!-- Command line test -->
  </suite> <!-- Command line suite -->
</testng-results>
